<?xml version="1.0" encoding="UTF-8"?>
<!-- Generated by org.testng.reporters.JUnitXMLReporter -->
<testsuite ignored="4" hostname="DESKTOP-LVNM1PD" failures="0" tests="4" name="Test1" time="0.062" errors="0" timestamp="2023-01-17T17:39:54 IST">
  <testcase classname="Practice_Maven.SampleTest2" name="createProduct" time="0.01"/>
  <testcase classname="Practice_Maven.SampleTest1" name="updateCustomer" time="0.001"/>
  <testcase classname="Practice_Maven.SampleTest4" name="createProduct3" time="0.001"/>
  <testcase classname="Practice_Maven.SampleTest4" name="updateProduct3" time="0.001"/>
  <testcase classname="Practice_Maven.SampleTest2" name="updateProduct" time="0.0">
    <ignored/>
  </testcase> <!-- updateProduct -->
  <testcase classname="Practice_Maven.SampleTest1" name="createCustomer" time="0.0">
    <ignored/>
  </testcase> <!-- createCustomer -->
  <testcase classname="Practice_Maven.SampleTest3" name="updateProduct2" time="0.0">
    <ignored/>
  </testcase> <!-- updateProduct2 -->
  <testcase classname="Practice_Maven.SampleTest3" name="createProduct2" time="0.0">
    <ignored/>
  </testcase> <!-- createProduct2 -->
</testsuite> <!-- Test1 -->
