<?xml version="1.0" encoding="UTF-8"?>
<!-- Generated by org.testng.reporters.JUnitXMLReporter -->
<testsuite ignored="4" hostname="DESKTOP-LVNM1PD" failures="0" tests="4" name="Test" time="0.059" errors="0" timestamp="2023-01-23T17:48:40 IST">
  <testcase classname="practice_maven.Sample3Test" name="createProduct3Test" time="0.009"/>
  <testcase classname="practice_maven.Sample3Test" name="updateProduct3Test" time="0.001"/>
  <testcase classname="practice_maven.Sample2Test" name="updateProduct2Test" time="0.0"/>
  <testcase classname="practice_maven.Sample1Test" name="createCustomer1Test" time="0.001"/>
  <testcase classname="practice_maven.Sample2Test" name="createProduct2Test" time="0.0">
    <ignored/>
  </testcase> <!-- createProduct2Test -->
  <testcase classname="practice_maven.Sample1Test" name="updateCustomer1Test" time="0.0">
    <ignored/>
  </testcase> <!-- updateCustomer1Test -->
  <testcase classname="practice_maven.Sample4Test" name="createProduct3Test" time="0.0">
    <ignored/>
  </testcase> <!-- createProduct3Test -->
  <testcase classname="practice_maven.Sample4Test" name="updateProduct3Test" time="0.0">
    <ignored/>
  </testcase> <!-- updateProduct3Test -->
</testsuite> <!-- Test -->
