<?xml version="1.0" encoding="UTF-8"?>
<testng-results ignored="4" total="8" passed="4" failed="0" skipped="0">
  <reporter-output>
  </reporter-output>
  <suite started-at="2023-01-23T17:48:40 IST" name="Suite" finished-at="2023-01-23T17:48:40 IST" duration-ms="59">
    <groups>
      <group name="smoke">
        <method signature="Sample1Test.createCustomer1Test()[pri:0, instance:practice_maven.Sample1Test@3e84448c]" name="createCustomer1Test" class="practice_maven.Sample1Test"/>
        <method signature="Sample2Test.updateProduct2Test()[pri:0, instance:practice_maven.Sample2Test@49c7b90e]" name="updateProduct2Test" class="practice_maven.Sample2Test"/>
        <method signature="Sample3Test.createProduct3Test()[pri:0, instance:practice_maven.Sample3Test@57af006c]" name="createProduct3Test" class="practice_maven.Sample3Test"/>
        <method signature="Sample3Test.updateProduct3Test()[pri:0, instance:practice_maven.Sample3Test@57af006c]" name="updateProduct3Test" class="practice_maven.Sample3Test"/>
      </group> <!-- smoke -->
    </groups>
    <test started-at="2023-01-23T17:48:40 IST" name="Test" finished-at="2023-01-23T17:48:40 IST" duration-ms="59">
      <class name="practice_maven.Sample2Test">
        <test-method signature="updateProduct2Test()[pri:0, instance:practice_maven.Sample2Test@49c7b90e]" started-at="2023-01-23T17:48:40 IST" name="updateProduct2Test" finished-at="2023-01-23T17:48:40 IST" duration-ms="0" status="PASS">
          <reporter-output>
          </reporter-output>
        </test-method> <!-- updateProduct2Test -->
      </class> <!-- practice_maven.Sample2Test -->
      <class name="practice_maven.Sample3Test">
        <test-method signature="createProduct3Test()[pri:0, instance:practice_maven.Sample3Test@57af006c]" started-at="2023-01-23T17:48:40 IST" name="createProduct3Test" finished-at="2023-01-23T17:48:40 IST" duration-ms="9" status="PASS">
          <reporter-output>
          </reporter-output>
        </test-method> <!-- createProduct3Test -->
        <test-method signature="updateProduct3Test()[pri:0, instance:practice_maven.Sample3Test@57af006c]" started-at="2023-01-23T17:48:40 IST" name="updateProduct3Test" finished-at="2023-01-23T17:48:40 IST" duration-ms="1" status="PASS">
          <reporter-output>
          </reporter-output>
        </test-method> <!-- updateProduct3Test -->
      </class> <!-- practice_maven.Sample3Test -->
      <class name="practice_maven.Sample1Test">
        <test-method signature="createCustomer1Test()[pri:0, instance:practice_maven.Sample1Test@3e84448c]" started-at="2023-01-23T17:48:40 IST" name="createCustomer1Test" finished-at="2023-01-23T17:48:40 IST" duration-ms="1" status="PASS">
          <reporter-output>
          </reporter-output>
        </test-method> <!-- createCustomer1Test -->
      </class> <!-- practice_maven.Sample1Test -->
    </test> <!-- Test -->
  </suite> <!-- Suite -->
</testng-results>
