<?xml version="1.0" encoding="UTF-8"?>
<testng-results ignored="0" total="1" passed="1" failed="0" skipped="0">
  <reporter-output>
  </reporter-output>
  <suite started-at="2023-01-18T12:25:19 IST" name="Default suite" finished-at="2023-01-18T12:25:19 IST" duration-ms="69">
    <groups>
    </groups>
    <test started-at="2023-01-18T12:25:19 IST" name="Default test" finished-at="2023-01-18T12:25:19 IST" duration-ms="69">
      <class name="practice_maven.DetailsCreateNew">
        <test-method signature="create()[pri:0, instance:practice_maven.DetailsCreateNew@1b6e1eff]" started-at="2023-01-18T12:25:19 IST" name="create" finished-at="2023-01-18T12:25:19 IST" duration-ms="14" status="PASS">
          <reporter-output>
          </reporter-output>
        </test-method> <!-- create -->
      </class> <!-- practice_maven.DetailsCreateNew -->
    </test> <!-- Default test -->
  </suite> <!-- Default suite -->
</testng-results>
